#! /usr/bin/vvp
:ivl_version "10.3 (stable)";
:ivl_delay_selection "TYPICAL";
:vpi_time_precision + 0;
:vpi_module "system";
:vpi_module "vhdl_sys";
:vpi_module "v2005_math";
:vpi_module "va_math";
S_0x5561b9a520d0 .scope module, "prueba" "prueba" 2 1;
 .timescale 0 0;
v0x5561b9a52270_0 .var "a", 0 0;
v0x5561b9a996b0_0 .var "b", 0 0;
v0x5561b9a99770_0 .var "clk", 0 0;
v0x5561b9a99810_0 .net "cond_sig", 1 0, L_0x5561b9a99b00;  1 drivers
v0x5561b9a998f0_0 .var "next_state", 1 0;
v0x5561b9a99a20_0 .var "state", 1 0;
E_0x5561b9a87c60 .event edge, v0x5561b9a99a20_0, v0x5561b9a99810_0;
E_0x5561b9a52660 .event posedge, v0x5561b9a99770_0;
L_0x5561b9a99b00 .concat [ 1 1 0 0], v0x5561b9a996b0_0, v0x5561b9a52270_0;
    .scope S_0x5561b9a520d0;
T_0 ;
    %pushi/vec4 0, 0, 1;
    %store/vec4 v0x5561b9a99770_0, 0, 1;
    %pushi/vec4 0, 0, 2;
    %store/vec4 v0x5561b9a99a20_0, 0, 2;
    %pushi/vec4 0, 0, 1;
    %store/vec4 v0x5561b9a52270_0, 0, 1;
    %pushi/vec4 0, 0, 1;
    %store/vec4 v0x5561b9a996b0_0, 0, 1;
    %end;
    .thread T_0;
    .scope S_0x5561b9a520d0;
T_1 ;
    %delay 1, 0;
    %load/vec4 v0x5561b9a99770_0;
    %inv;
    %store/vec4 v0x5561b9a99770_0, 0, 1;
    %jmp T_1;
    .thread T_1;
    .scope S_0x5561b9a520d0;
T_2 ;
    %wait E_0x5561b9a52660;
    %load/vec4 v0x5561b9a998f0_0;
    %assign/vec4 v0x5561b9a99a20_0, 0;
    %jmp T_2;
    .thread T_2;
    .scope S_0x5561b9a520d0;
T_3 ;
    %wait E_0x5561b9a87c60;
    %load/vec4 v0x5561b9a99a20_0;
    %store/vec4 v0x5561b9a998f0_0, 0, 2;
    %load/vec4 v0x5561b9a99a20_0;
    %dup/vec4;
    %pushi/vec4 0, 0, 2;
    %cmp/u;
    %jmp/1 T_3.0, 6;
    %dup/vec4;
    %pushi/vec4 1, 0, 2;
    %cmp/u;
    %jmp/1 T_3.1, 6;
    %dup/vec4;
    %pushi/vec4 2, 0, 2;
    %cmp/u;
    %jmp/1 T_3.2, 6;
    %jmp T_3.3;
T_3.0 ;
    %load/vec4 v0x5561b9a99810_0;
    %dup/vec4;
    %pushi/vec4 0, 0, 2;
    %cmp/u;
    %jmp/1 T_3.4, 6;
    %dup/vec4;
    %pushi/vec4 3, 0, 2;
    %cmp/u;
    %jmp/1 T_3.5, 6;
    %jmp T_3.6;
T_3.4 ;
    %pushi/vec4 2, 0, 2;
    %store/vec4 v0x5561b9a998f0_0, 0, 2;
    %jmp T_3.6;
T_3.5 ;
    %pushi/vec4 1, 0, 2;
    %store/vec4 v0x5561b9a998f0_0, 0, 2;
    %jmp T_3.6;
T_3.6 ;
    %pop/vec4 1;
    %jmp T_3.3;
T_3.1 ;
    %pushi/vec4 0, 0, 2;
    %store/vec4 v0x5561b9a998f0_0, 0, 2;
    %jmp T_3.3;
T_3.2 ;
    %pushi/vec4 1, 0, 2;
    %store/vec4 v0x5561b9a998f0_0, 0, 2;
    %jmp T_3.3;
T_3.3 ;
    %pop/vec4 1;
    %jmp T_3;
    .thread T_3, $push;
    .scope S_0x5561b9a520d0;
T_4 ;
    %vpi_call 2 31 "$dumpfile", "example.vcd" {0 0 0};
    %vpi_call 2 32 "$dumpvars", 32'sb00000000000000000000000000000000, S_0x5561b9a520d0 {0 0 0};
    %delay 10, 0;
    %pushi/vec4 1, 0, 1;
    %store/vec4 v0x5561b9a52270_0, 0, 1;
    %pushi/vec4 1, 0, 1;
    %store/vec4 v0x5561b9a996b0_0, 0, 1;
    %delay 10, 0;
    %vpi_call 2 38 "$finish" {0 0 0};
    %end;
    .thread T_4;
# The file index is used to find the file name in the following table.
:file_names 3;
    "N/A";
    "<interactive>";
    "example.v";
